0000000000000000000000000000000000010010000101010011010100100100 || 000000 1
1111111111111111111111111111111111000000100010010101111010000001 || 100010 1
1111111111111111111111111111111110000100100001001101011000001001 || 100001 1
1111111111111111111111111111111110110001111100000101011001100011 || 100001 1
0000000000000000000000000000000000000110101110010111101100001101 || 000000 1
0000000000000000000000000000000001000110110111111001100110001101 || 000000 1
1111111111111111111111111111111110110010110000101000010001100101 || 100001 1
1111111111111111111111111111111110001001001101110101001000010010 || 100001 1
0000000000000000000000000000000000000000111100111110001100000001 || 000000 1
0000000000000000000000000000000000000110110101111100110100001101 || 000000 1
0000000000000000000000000000000000111011001000111111000101110110 || 000000 1
0000000000000000000000000000000000011110100011011100110100111101 || 000000 1
0000000000000000000000000000000001110110110101000101011111101101 || 000000 1
0000000000000000000000000000000001000110001011011111011110001100 || 000000 1
0000000000000000000000000000000001111100111111011110100111111001 || 000000 1
1111111111111111111111111111111111100011001101110010010011000110 || 100011 1
1111111111111111111111111111111111100010111101111000010011000101 || 100011 1
1111111111111111111111111111111111010101000100111101001010101010 || 100010 1
0000000000000000000000000000000001110010101011111111011111100101 || 000000 1
1111111111111111111111111111111110111011110100100111001001110111 || 100001 1
1111111111111111111111111111111110001001001100101101011000010010 || 100001 1
0000000000000000000000000000000001000111111011001101101110001111 || 000000 1
0000000000000000000000000000000001111001001100000110100111110010 || 000000 1
1111111111111111111111111111111111100111011101101001011011001110 || 100011 1
1111111111111111111111111111111111110100000000000111101011101000 || 100100 1
1111111111111111111111111111111111100010110010100100111011000101 || 100011 1
0000000000000000000000000000000000101110010110000100100101011100 || 000000 1
1111111111111111111111111111111111011110100011100010100010111101 || 100010 1
1111111111111111111111111111111110010110101010110101100000101101 || 100001 1
1111111111111111111111111111111110110010101001110010011001100101 || 100001 1
1111111111111111111111111111111110110001111011110110001001100011 || 100001 1
0000000000000000000000000000000000000101011100111000011100001010 || 000000 1
1111111111111111111111111111111111000000001110110010001010000000 || 100010 1
0000000000000000000000000000000000010000011001000010000100100000 || 000000 1
0000000000000000000000000000000001010101011110000100010110101010 || 000000 1
1111111111111111111111111111111111001110110011001100110010011101 || 100010 1
1111111111111111111111111111111111001011001000000011111010010110 || 100010 1
1111111111111111111111111111111110001001100000111011100000010011 || 100001 1
1111111111111111111111111111111110000110101111000011100000001101 || 100001 1
1111111111111111111111111111111110101001101001111101011001010011 || 100001 1
0000000000000000000000000000000000110101100111111101110101101011 || 000000 1
1111111111111111111111111111111111101010101001100010101011010101 || 100011 1
1111111111111111111111111111111110000001000101110100101000000010 || 100001 1
1111111111111111111111111111111111010111010101100011111010101110 || 100010 1
0000000000000000000000000000000000001110111111111110100100011101 || 000000 1
1111111111111111111111111111111111100111110001010111001011001111 || 100011 1
0000000000000000000000000000000000010001100001000100100100100011 || 000000 1
0000000000000000000000000000000000000101000010010110010100001010 || 000000 1
1111111111111111111111111111111111100101011100110000101011001010 || 100011 1
1111111111111111111111111111111110011110001100010100110000111100 || 100001 1
0000000000000000000000000000000001111001011010001011110111110010 || 000000 1
0000000000000000000000000000000001000101001011100110000110001010 || 000000 1
0000000000000000000000000000000000100000110001001011001101000001 || 000000 1
1111111111111111111111111111111111101100010010110011010011011000 || 100011 1
0000000000000000000000000000000000111100001000001111001101111000 || 000000 1
1111111111111111111111111111111111000100100010100001001010001001 || 100010 1
0000000000000000000000000000000001110101110001010000110111101011 || 000000 1
0000000000000000000000000000000001011011000000100110010110110110 || 000000 1
0000000000000000000000000000000001100011010010111111100111000110 || 000000 1
0000000000000000000000000000000001010111000101010001001110101110 || 000000 1
1111111111111111111111111111111111011110011101010000001010111100 || 100010 1
0000000000000000000000000000000000010101000011111101110100101010 || 000000 1
1111111111111111111111111111111110000101110101111001101000001011 || 100001 1
1111111111111111111111111111111110111000100101111011111001110001 || 100001 1
0000000000000000000000000000000001000010111100100100000110000101 || 000000 1
0000000000000000000000000000000000100111111100100101010101001111 || 000000 1
1111111111111111111111111111111110011101110011000110000000111011 || 100001 1
0000000000000000000000000000000000011101000001100011001100111010 || 000000 1
1111111111111111111111111111111110111111001000110011001001111110 || 100001 1
0000000000000000000000000000000000001010101010100100101100010101 || 000000 1
0000000000000000000000000000000001111000110110011001101111110001 || 000000 1
0000000000000000000000000000000001101100100111000100101111011001 || 000000 1
0000000000000000000000000000000000110001001000110000011101100010 || 000000 1
0000000000000000000000000000000000100110001101011111101101001100 || 000000 1
0000000000000000000000000000000001001111101000010101010110011111 || 000000 1
0000000000000000000000000000000001000111101110011010000110001111 || 000000 1
0000000000000000000000000000000001111100011011011010100111111000 || 000000 1
1111111111111111111111111111111111011011110011010110000010110111 || 100010 1
1111111111111111111111111111111111001111110001000101011010011111 || 100010 1
